-------------------------------------------------------------------------------
Test set: com.example.demo.SpringBatchCsvToDatabaseApplicationTests
-------------------------------------------------------------------------------
Tests run: 1, Failures: 0, Errors: 1, Skipped: 0, Time elapsed: 5.977 s <<< FAILURE! - in com.example.demo.SpringBatchCsvToDatabaseApplicationTests
contextLoads  Time elapsed: 0.004 s  <<< ERROR!
java.lang.IllegalStateException: Failed to load ApplicationContext
Caused by: org.springframework.beans.factory.BeanCreationException: Error creating bean with name 'batchDataSourceInitializer' defined in class path resource [org/springframework/boot/autoconfigure/batch/BatchAutoConfiguration$DataSourceInitializerConfiguration.class]: Invocation of init method failed; nested exception is java.lang.IllegalStateException: Unable to detect database type
Caused by: java.lang.IllegalStateException: Unable to detect database type
Caused by: org.springframework.jdbc.support.MetaDataAccessException: Could not get Connection for extracting meta-data; nested exception is org.springframework.jdbc.CannotGetJdbcConnectionException: Failed to obtain JDBC Connection; nested exception is java.sql.SQLNonTransientConnectionException: Data source rejected establishment of connection,  message from server: "Too many connections"
Caused by: org.springframework.jdbc.CannotGetJdbcConnectionException: Failed to obtain JDBC Connection; nested exception is java.sql.SQLNonTransientConnectionException: Data source rejected establishment of connection,  message from server: "Too many connections"
Caused by: java.sql.SQLNonTransientConnectionException: Data source rejected establishment of connection,  message from server: "Too many connections"

